<?xml version="1.0" encoding="UTF-8" ?>
<testsuite failures="0" time="3.389" errors="4" skipped="0" tests="4" name="com.service.SeckillServiceTest">
  <properties>
[...]
</properties>
  <testcase time="0.003" classname="com.service.SeckillServiceTest" name="testExportSeckillUrl">
    <error message="Failed to load ApplicationContext" type="java.lang.IllegalStateException">java.lang.IllegalStateException: Failed to load ApplicationContext
	at org.springframework.test.context.DefaultCacheAwareContextLoaderDelegate.loadContext(DefaultCacheAwareContextLoaderDelegate.java:94)
	at org.springframework.test.context.DefaultTestContext.getApplicationContext(DefaultTestContext.java:72)
	at org.springframework.test.context.support.DependencyInjectionTestExecutionListener.injectDependencies(DependencyInjectionTestExecutionListener.java:117)
	at org.springframework.test.context.support.DependencyInjectionTestExecutionListener.prepareTestInstance(DependencyInjectionTestExecutionListener.java:83)
	at org.springframework.test.context.TestContextManager.prepareTestInstance(TestContextManager.java:212)
	at org.springframework.test.context.junit4.SpringJUnit4ClassRunner.createTest(SpringJUnit4ClassRunner.java:200)
	at org.springframework.test.context.junit4.SpringJUnit4ClassRunner$1.runReflectiveCall(SpringJUnit4ClassRunner.java:252)
	at org.junit.internal.runners.model.ReflectiveCallable.run(ReflectiveCallable.java:12)
	at org.springframework.test.context.junit4.SpringJUnit4ClassRunner.methodBlock(SpringJUnit4ClassRunner.java:254)
	at org.springframework.test.context.junit4.SpringJUnit4ClassRunner.runChild(SpringJUnit4ClassRunner.java:217)
	at org.springframework.test.context.junit4.SpringJUnit4ClassRunner.runChild(SpringJUnit4ClassRunner.java:83)
	at org.junit.runners.ParentRunner$3.run(ParentRunner.java:290)
	at org.junit.runners.ParentRunner$1.schedule(ParentRunner.java:71)
	at org.junit.runners.ParentRunner.runChildren(ParentRunner.java:288)
	at org.junit.runners.ParentRunner.access$000(ParentRunner.java:58)
	at org.junit.runners.ParentRunner$2.evaluate(ParentRunner.java:268)
	at org.springframework.test.context.junit4.statements.RunBeforeTestClassCallbacks.evaluate(RunBeforeTestClassCallbacks.java:61)
	at org.springframework.test.context.junit4.statements.RunAfterTestClassCallbacks.evaluate(RunAfterTestClassCallbacks.java:68)
	at org.junit.runners.ParentRunner.run(ParentRunner.java:363)
	at org.springframework.test.context.junit4.SpringJUnit4ClassRunner.run(SpringJUnit4ClassRunner.java:163)
	at org.apache.maven.surefire.junit4.JUnit4TestSet.execute(JUnit4TestSet.java:53)
	at org.apache.maven.surefire.junit4.JUnit4Provider.executeTestSet(JUnit4Provider.java:123)
	at org.apache.maven.surefire.junit4.JUnit4Provider.invoke(JUnit4Provider.java:104)
	at sun.reflect.NativeMethodAccessorImpl.invoke0(Native Method)
	at sun.reflect.NativeMethodAccessorImpl.invoke(NativeMethodAccessorImpl.java:57)
	at sun.reflect.DelegatingMethodAccessorImpl.invoke(DelegatingMethodAccessorImpl.java:43)
	at java.lang.reflect.Method.invoke(Method.java:606)
	at org.apache.maven.surefire.util.ReflectionUtils.invokeMethodWithArray(ReflectionUtils.java:164)
	at org.apache.maven.surefire.booter.ProviderFactory$ProviderProxy.invoke(ProviderFactory.java:110)
	at org.apache.maven.surefire.booter.SurefireStarter.invokeProvider(SurefireStarter.java:175)
	at org.apache.maven.surefire.booter.SurefireStarter.runSuitesInProcessWhenForked(SurefireStarter.java:107)
	at org.apache.maven.surefire.booter.ForkedBooter.main(ForkedBooter.java:68)
Caused by: org.springframework.beans.factory.BeanCreationException: Error creating bean with name &apos;seckillController&apos;: Injection of autowired dependencies failed; nested exception is org.springframework.beans.factory.BeanCreationException: Could not autowire field: private com.service.SeckillService com.controller.SeckillController.seckillService; nested exception is org.springframework.beans.factory.BeanCreationException: Error creating bean with name &apos;seckillServiceImpl&apos;: Injection of autowired dependencies failed; nested exception is org.springframework.beans.factory.BeanCreationException: Could not autowire field: private com.dao.catche.RedisDao com.service.impl.SeckillServiceImpl.redisDao; nested exception is org.springframework.beans.factory.BeanCreationException: Error creating bean with name &apos;redisDao&apos; defined in file [D:\openToolWorkSpace\Eclipse\space_3\seckill\target\classes\com\dao\catche\RedisDao.class]: Instantiation of bean failed; nested exception is org.springframework.beans.BeanInstantiationException: Failed to instantiate [com.dao.catche.RedisDao]: No default constructor found; nested exception is java.lang.NoSuchMethodException: com.dao.catche.RedisDao.&lt;init&gt;()
	at org.springframework.beans.factory.annotation.AutowiredAnnotationBeanPostProcessor.postProcessPropertyValues(AutowiredAnnotationBeanPostProcessor.java:334)
	at org.springframework.beans.factory.support.AbstractAutowireCapableBeanFactory.populateBean(AbstractAutowireCapableBeanFactory.java:1202)
	at org.springframework.beans.factory.support.AbstractAutowireCapableBeanFactory.doCreateBean(AbstractAutowireCapableBeanFactory.java:537)
	at org.springframework.beans.factory.support.AbstractAutowireCapableBeanFactory.createBean(AbstractAutowireCapableBeanFactory.java:476)
	at org.springframework.beans.factory.support.AbstractBeanFactory$1.getObject(AbstractBeanFactory.java:303)
	at org.springframework.beans.factory.support.DefaultSingletonBeanRegistry.getSingleton(DefaultSingletonBeanRegistry.java:230)
	at org.springframework.beans.factory.support.AbstractBeanFactory.doGetBean(AbstractBeanFactory.java:299)
	at org.springframework.beans.factory.support.AbstractBeanFactory.getBean(AbstractBeanFactory.java:194)
	at org.springframework.beans.factory.support.DefaultListableBeanFactory.preInstantiateSingletons(DefaultListableBeanFactory.java:762)
	at org.springframework.context.support.AbstractApplicationContext.finishBeanFactoryInitialization(AbstractApplicationContext.java:757)
	at org.springframework.context.support.AbstractApplicationContext.refresh(AbstractApplicationContext.java:480)
	at org.springframework.test.context.support.AbstractGenericContextLoader.loadContext(AbstractGenericContextLoader.java:125)
	at org.springframework.test.context.support.AbstractGenericContextLoader.loadContext(AbstractGenericContextLoader.java:60)
	at org.springframework.test.context.support.AbstractDelegatingSmartContextLoader.delegateLoading(AbstractDelegatingSmartContextLoader.java:109)
	at org.springframework.test.context.support.AbstractDelegatingSmartContextLoader.loadContext(AbstractDelegatingSmartContextLoader.java:261)
	at org.springframework.test.context.DefaultCacheAwareContextLoaderDelegate.loadContextInternal(DefaultCacheAwareContextLoaderDelegate.java:68)
	at org.springframework.test.context.DefaultCacheAwareContextLoaderDelegate.loadContext(DefaultCacheAwareContextLoaderDelegate.java:86)
	... 31 more
Caused by: org.springframework.beans.factory.BeanCreationException: Could not autowire field: private com.service.SeckillService com.controller.SeckillController.seckillService; nested exception is org.springframework.beans.factory.BeanCreationException: Error creating bean with name &apos;seckillServiceImpl&apos;: Injection of autowired dependencies failed; nested exception is org.springframework.beans.factory.BeanCreationException: Could not autowire field: private com.dao.catche.RedisDao com.service.impl.SeckillServiceImpl.redisDao; nested exception is org.springframework.beans.factory.BeanCreationException: Error creating bean with name &apos;redisDao&apos; defined in file [D:\openToolWorkSpace\Eclipse\space_3\seckill\target\classes\com\dao\catche\RedisDao.class]: Instantiation of bean failed; nested exception is org.springframework.beans.BeanInstantiationException: Failed to instantiate [com.dao.catche.RedisDao]: No default constructor found; nested exception is java.lang.NoSuchMethodException: com.dao.catche.RedisDao.&lt;init&gt;()
	at org.springframework.beans.factory.annotation.AutowiredAnnotationBeanPostProcessor$AutowiredFieldElement.inject(AutowiredAnnotationBeanPostProcessor.java:561)
	at org.springframework.beans.factory.annotation.InjectionMetadata.inject(InjectionMetadata.java:88)
	at org.springframework.beans.factory.annotation.AutowiredAnnotationBeanPostProcessor.postProcessPropertyValues(AutowiredAnnotationBeanPostProcessor.java:331)
	... 47 more
Caused by: org.springframework.beans.factory.BeanCreationException: Error creating bean with name &apos;seckillServiceImpl&apos;: Injection of autowired dependencies failed; nested exception is org.springframework.beans.factory.BeanCreationException: Could not autowire field: private com.dao.catche.RedisDao com.service.impl.SeckillServiceImpl.redisDao; nested exception is org.springframework.beans.factory.BeanCreationException: Error creating bean with name &apos;redisDao&apos; defined in file [D:\openToolWorkSpace\Eclipse\space_3\seckill\target\classes\com\dao\catche\RedisDao.class]: Instantiation of bean failed; nested exception is org.springframework.beans.BeanInstantiationException: Failed to instantiate [com.dao.catche.RedisDao]: No default constructor found; nested exception is java.lang.NoSuchMethodException: com.dao.catche.RedisDao.&lt;init&gt;()
	at org.springframework.beans.factory.annotation.AutowiredAnnotationBeanPostProcessor.postProcessPropertyValues(AutowiredAnnotationBeanPostProcessor.java:334)
	at org.springframework.beans.factory.support.AbstractAutowireCapableBeanFactory.populateBean(AbstractAutowireCapableBeanFactory.java:1202)
	at org.springframework.beans.factory.support.AbstractAutowireCapableBeanFactory.doCreateBean(AbstractAutowireCapableBeanFactory.java:537)
	at org.springframework.beans.factory.support.AbstractAutowireCapableBeanFactory.createBean(AbstractAutowireCapableBeanFactory.java:476)
	at org.springframework.beans.factory.support.AbstractBeanFactory$1.getObject(AbstractBeanFactory.java:303)
	at org.springframework.beans.factory.support.DefaultSingletonBeanRegistry.getSingleton(DefaultSingletonBeanRegistry.java:230)
	at org.springframework.beans.factory.support.AbstractBeanFactory.doGetBean(AbstractBeanFactory.java:299)
	at org.springframework.beans.factory.support.AbstractBeanFactory.getBean(AbstractBeanFactory.java:194)
	at org.springframework.beans.factory.support.DefaultListableBeanFactory.findAutowireCandidates(DefaultListableBeanFactory.java:1127)
	at org.springframework.beans.factory.support.DefaultListableBeanFactory.doResolveDependency(DefaultListableBeanFactory.java:1051)
	at org.springframework.beans.factory.support.DefaultListableBeanFactory.resolveDependency(DefaultListableBeanFactory.java:949)
	at org.springframework.beans.factory.annotation.AutowiredAnnotationBeanPostProcessor$AutowiredFieldElement.inject(AutowiredAnnotationBeanPostProcessor.java:533)
	... 49 more
Caused by: org.springframework.beans.factory.BeanCreationException: Could not autowire field: private com.dao.catche.RedisDao com.service.impl.SeckillServiceImpl.redisDao; nested exception is org.springframework.beans.factory.BeanCreationException: Error creating bean with name &apos;redisDao&apos; defined in file [D:\openToolWorkSpace\Eclipse\space_3\seckill\target\classes\com\dao\catche\RedisDao.class]: Instantiation of bean failed; nested exception is org.springframework.beans.BeanInstantiationException: Failed to instantiate [com.dao.catche.RedisDao]: No default constructor found; nested exception is java.lang.NoSuchMethodException: com.dao.catche.RedisDao.&lt;init&gt;()
	at org.springframework.beans.factory.annotation.AutowiredAnnotationBeanPostProcessor$AutowiredFieldElement.inject(AutowiredAnnotationBeanPostProcessor.java:561)
	at org.springframework.beans.factory.annotation.InjectionMetadata.inject(InjectionMetadata.java:88)
	at org.springframework.beans.factory.annotation.AutowiredAnnotationBeanPostProcessor.postProcessPropertyValues(AutowiredAnnotationBeanPostProcessor.java:331)
	... 60 more
Caused by: org.springframework.beans.factory.BeanCreationException: Error creating bean with name &apos;redisDao&apos; defined in file [D:\openToolWorkSpace\Eclipse\space_3\seckill\target\classes\com\dao\catche\RedisDao.class]: Instantiation of bean failed; nested exception is org.springframework.beans.BeanInstantiationException: Failed to instantiate [com.dao.catche.RedisDao]: No default constructor found; nested exception is java.lang.NoSuchMethodException: com.dao.catche.RedisDao.&lt;init&gt;()
	at org.springframework.beans.factory.support.AbstractAutowireCapableBeanFactory.instantiateBean(AbstractAutowireCapableBeanFactory.java:1093)
	at org.springframework.beans.factory.support.AbstractAutowireCapableBeanFactory.createBeanInstance(AbstractAutowireCapableBeanFactory.java:1038)
	at org.springframework.beans.factory.support.AbstractAutowireCapableBeanFactory.doCreateBean(AbstractAutowireCapableBeanFactory.java:504)
	at org.springframework.beans.factory.support.AbstractAutowireCapableBeanFactory.createBean(AbstractAutowireCapableBeanFactory.java:476)
	at org.springframework.beans.factory.support.AbstractBeanFactory$1.getObject(AbstractBeanFactory.java:303)
	at org.springframework.beans.factory.support.DefaultSingletonBeanRegistry.getSingleton(DefaultSingletonBeanRegistry.java:230)
	at org.springframework.beans.factory.support.AbstractBeanFactory.doGetBean(AbstractBeanFactory.java:299)
	at org.springframework.beans.factory.support.AbstractBeanFactory.getBean(AbstractBeanFactory.java:194)
	at org.springframework.beans.factory.support.DefaultListableBeanFactory.findAutowireCandidates(DefaultListableBeanFactory.java:1127)
	at org.springframework.beans.factory.support.DefaultListableBeanFactory.doResolveDependency(DefaultListableBeanFactory.java:1051)
	at org.springframework.beans.factory.support.DefaultListableBeanFactory.resolveDependency(DefaultListableBeanFactory.java:949)
	at org.springframework.beans.factory.annotation.AutowiredAnnotationBeanPostProcessor$AutowiredFieldElement.inject(AutowiredAnnotationBeanPostProcessor.java:533)
	... 62 more
Caused by: org.springframework.beans.BeanInstantiationException: Failed to instantiate [com.dao.catche.RedisDao]: No default constructor found; nested exception is java.lang.NoSuchMethodException: com.dao.catche.RedisDao.&lt;init&gt;()
	at org.springframework.beans.factory.support.SimpleInstantiationStrategy.instantiate(SimpleInstantiationStrategy.java:85)
	at org.springframework.beans.factory.support.AbstractAutowireCapableBeanFactory.instantiateBean(AbstractAutowireCapableBeanFactory.java:1086)
	... 73 more
Caused by: java.lang.NoSuchMethodException: com.dao.catche.RedisDao.&lt;init&gt;()
	at java.lang.Class.getConstructor0(Class.java:2902)
	at java.lang.Class.getDeclaredConstructor(Class.java:2066)
	at org.springframework.beans.factory.support.SimpleInstantiationStrategy.instantiate(SimpleInstantiationStrategy.java:80)
	... 74 more
</error>
    <system-out>14:56:38.767 [main] DEBUG org.apache.ibatis.io.ResolverUtil - Find JAR URL: file:/D:/openToolWorkSpace/Eclipse/space_3/seckill/target/classes/com/pojo
14:56:38.767 [main] DEBUG org.apache.ibatis.io.ResolverUtil - Not a JAR: file:/D:/openToolWorkSpace/Eclipse/space_3/seckill/target/classes/com/pojo
14:56:38.768 [main] DEBUG org.apache.ibatis.io.ResolverUtil - Reader entry: Seckill.class
14:56:38.769 [main] DEBUG org.apache.ibatis.io.ResolverUtil - Reader entry: SuccessKilled.class
14:56:38.769 [main] DEBUG org.apache.ibatis.io.ResolverUtil - Listing file:/D:/openToolWorkSpace/Eclipse/space_3/seckill/target/classes/com/pojo
14:56:38.769 [main] DEBUG org.apache.ibatis.io.ResolverUtil - Find JAR URL: file:/D:/openToolWorkSpace/Eclipse/space_3/seckill/target/classes/com/pojo/Seckill.class
14:56:38.769 [main] DEBUG org.apache.ibatis.io.ResolverUtil - Not a JAR: file:/D:/openToolWorkSpace/Eclipse/space_3/seckill/target/classes/com/pojo/Seckill.class
14:56:38.770 [main] DEBUG org.apache.ibatis.io.ResolverUtil - Reader entry: ����&amp;#0;&amp;#0;&amp;#0;3&amp;#0;V&amp;#7;&amp;#0;&amp;#2;&amp;#1;&amp;#0;&amp;#16;com/pojo/Seckill&amp;#7;&amp;#0;&amp;#4;&amp;#1;&amp;#0;&amp;#16;java/lang/Object&amp;#1;&amp;#0;	seckillId&amp;#1;&amp;#0;&amp;#16;Ljava/lang/Long;&amp;#1;&amp;#0;&amp;#4;name&amp;#1;&amp;#0;&amp;#18;Ljava/lang/String;&amp;#1;&amp;#0;&amp;#6;number&amp;#1;&amp;#0;&amp;#19;Ljava/lang/Integer;&amp;#1;&amp;#0;	startTime&amp;#1;&amp;#0;&amp;#16;Ljava/util/Date;&amp;#1;&amp;#0;&amp;#7;endTime&amp;#1;&amp;#0;
14:56:38.770 [main] DEBUG org.apache.ibatis.io.ResolverUtil - Find JAR URL: file:/D:/openToolWorkSpace/Eclipse/space_3/seckill/target/classes/com/pojo/SuccessKilled.class
14:56:38.770 [main] DEBUG org.apache.ibatis.io.ResolverUtil - Not a JAR: file:/D:/openToolWorkSpace/Eclipse/space_3/seckill/target/classes/com/pojo/SuccessKilled.class
14:56:38.771 [main] DEBUG org.apache.ibatis.io.ResolverUtil - Reader entry: ����&amp;#0;&amp;#0;&amp;#0;3&amp;#0;Q&amp;#7;&amp;#0;&amp;#2;&amp;#1;&amp;#0;&amp;#22;com/pojo/SuccessKilled&amp;#7;&amp;#0;&amp;#4;&amp;#1;&amp;#0;&amp;#16;java/lang/Object&amp;#1;&amp;#0;	seckillId&amp;#1;&amp;#0;&amp;#16;Ljava/lang/Long;&amp;#1;&amp;#0;	userPhone&amp;#1;&amp;#0;&amp;#5;state&amp;#1;&amp;#0;&amp;#16;Ljava/lang/Byte;&amp;#1;&amp;#0;
14:56:38.771 [main] DEBUG org.apache.ibatis.io.ResolverUtil - Checking to see if class com.pojo.Seckill matches criteria [is assignable to Object]
14:56:38.771 [main] DEBUG org.apache.ibatis.io.ResolverUtil - Checking to see if class com.pojo.SuccessKilled matches criteria [is assignable to Object]
14:56:38.772 [main] DEBUG o.m.spring.SqlSessionFactoryBean - Scanned package: &apos;com.pojo&apos; for aliases
14:56:38.780 [main] DEBUG o.m.spring.SqlSessionFactoryBean - Parsed configuration file: &apos;class path resource [mybatis-config.xml]&apos;
14:56:38.796 [main] DEBUG o.m.spring.SqlSessionFactoryBean - Parsed mapper file: &apos;file [D:\openToolWorkSpace\Eclipse\space_3\seckill\target\classes\mapper\SeckillDao.xml]&apos;
14:56:38.809 [main] DEBUG o.m.spring.SqlSessionFactoryBean - Parsed mapper file: &apos;file [D:\openToolWorkSpace\Eclipse\space_3\seckill\target\classes\mapper\SuccessKillDAO.xml]&apos;
</system-out>
  </testcase>
  <testcase time="0.003" classname="com.service.SeckillServiceTest" name="testExecuteSeckill">
    <error message="Failed to load ApplicationContext" type="java.lang.IllegalStateException">java.lang.IllegalStateException: Failed to load ApplicationContext
	at org.springframework.test.context.DefaultCacheAwareContextLoaderDelegate.loadContext(DefaultCacheAwareContextLoaderDelegate.java:94)
	at org.springframework.test.context.DefaultTestContext.getApplicationContext(DefaultTestContext.java:72)
	at org.springframework.test.context.support.DependencyInjectionTestExecutionListener.injectDependencies(DependencyInjectionTestExecutionListener.java:117)
	at org.springframework.test.context.support.DependencyInjectionTestExecutionListener.prepareTestInstance(DependencyInjectionTestExecutionListener.java:83)
	at org.springframework.test.context.TestContextManager.prepareTestInstance(TestContextManager.java:212)
	at org.springframework.test.context.junit4.SpringJUnit4ClassRunner.createTest(SpringJUnit4ClassRunner.java:200)
	at org.springframework.test.context.junit4.SpringJUnit4ClassRunner$1.runReflectiveCall(SpringJUnit4ClassRunner.java:252)
	at org.junit.internal.runners.model.ReflectiveCallable.run(ReflectiveCallable.java:12)
	at org.springframework.test.context.junit4.SpringJUnit4ClassRunner.methodBlock(SpringJUnit4ClassRunner.java:254)
	at org.springframework.test.context.junit4.SpringJUnit4ClassRunner.runChild(SpringJUnit4ClassRunner.java:217)
	at org.springframework.test.context.junit4.SpringJUnit4ClassRunner.runChild(SpringJUnit4ClassRunner.java:83)
	at org.junit.runners.ParentRunner$3.run(ParentRunner.java:290)
	at org.junit.runners.ParentRunner$1.schedule(ParentRunner.java:71)
	at org.junit.runners.ParentRunner.runChildren(ParentRunner.java:288)
	at org.junit.runners.ParentRunner.access$000(ParentRunner.java:58)
	at org.junit.runners.ParentRunner$2.evaluate(ParentRunner.java:268)
	at org.springframework.test.context.junit4.statements.RunBeforeTestClassCallbacks.evaluate(RunBeforeTestClassCallbacks.java:61)
	at org.springframework.test.context.junit4.statements.RunAfterTestClassCallbacks.evaluate(RunAfterTestClassCallbacks.java:68)
	at org.junit.runners.ParentRunner.run(ParentRunner.java:363)
	at org.springframework.test.context.junit4.SpringJUnit4ClassRunner.run(SpringJUnit4ClassRunner.java:163)
	at org.apache.maven.surefire.junit4.JUnit4TestSet.execute(JUnit4TestSet.java:53)
	at org.apache.maven.surefire.junit4.JUnit4Provider.executeTestSet(JUnit4Provider.java:123)
	at org.apache.maven.surefire.junit4.JUnit4Provider.invoke(JUnit4Provider.java:104)
	at sun.reflect.NativeMethodAccessorImpl.invoke0(Native Method)
	at sun.reflect.NativeMethodAccessorImpl.invoke(NativeMethodAccessorImpl.java:57)
	at sun.reflect.DelegatingMethodAccessorImpl.invoke(DelegatingMethodAccessorImpl.java:43)
	at java.lang.reflect.Method.invoke(Method.java:606)
	at org.apache.maven.surefire.util.ReflectionUtils.invokeMethodWithArray(ReflectionUtils.java:164)
	at org.apache.maven.surefire.booter.ProviderFactory$ProviderProxy.invoke(ProviderFactory.java:110)
	at org.apache.maven.surefire.booter.SurefireStarter.invokeProvider(SurefireStarter.java:175)
	at org.apache.maven.surefire.booter.SurefireStarter.runSuitesInProcessWhenForked(SurefireStarter.java:107)
	at org.apache.maven.surefire.booter.ForkedBooter.main(ForkedBooter.java:68)
Caused by: org.springframework.beans.factory.BeanCreationException: Error creating bean with name &apos;seckillController&apos;: Injection of autowired dependencies failed; nested exception is org.springframework.beans.factory.BeanCreationException: Could not autowire field: private com.service.SeckillService com.controller.SeckillController.seckillService; nested exception is org.springframework.beans.factory.BeanCreationException: Error creating bean with name &apos;seckillServiceImpl&apos;: Injection of autowired dependencies failed; nested exception is org.springframework.beans.factory.BeanCreationException: Could not autowire field: private com.dao.catche.RedisDao com.service.impl.SeckillServiceImpl.redisDao; nested exception is org.springframework.beans.factory.BeanCreationException: Error creating bean with name &apos;redisDao&apos; defined in file [D:\openToolWorkSpace\Eclipse\space_3\seckill\target\classes\com\dao\catche\RedisDao.class]: Instantiation of bean failed; nested exception is org.springframework.beans.BeanInstantiationException: Failed to instantiate [com.dao.catche.RedisDao]: No default constructor found; nested exception is java.lang.NoSuchMethodException: com.dao.catche.RedisDao.&lt;init&gt;()
	at org.springframework.beans.factory.annotation.AutowiredAnnotationBeanPostProcessor.postProcessPropertyValues(AutowiredAnnotationBeanPostProcessor.java:334)
	at org.springframework.beans.factory.support.AbstractAutowireCapableBeanFactory.populateBean(AbstractAutowireCapableBeanFactory.java:1202)
	at org.springframework.beans.factory.support.AbstractAutowireCapableBeanFactory.doCreateBean(AbstractAutowireCapableBeanFactory.java:537)
	at org.springframework.beans.factory.support.AbstractAutowireCapableBeanFactory.createBean(AbstractAutowireCapableBeanFactory.java:476)
	at org.springframework.beans.factory.support.AbstractBeanFactory$1.getObject(AbstractBeanFactory.java:303)
	at org.springframework.beans.factory.support.DefaultSingletonBeanRegistry.getSingleton(DefaultSingletonBeanRegistry.java:230)
	at org.springframework.beans.factory.support.AbstractBeanFactory.doGetBean(AbstractBeanFactory.java:299)
	at org.springframework.beans.factory.support.AbstractBeanFactory.getBean(AbstractBeanFactory.java:194)
	at org.springframework.beans.factory.support.DefaultListableBeanFactory.preInstantiateSingletons(DefaultListableBeanFactory.java:762)
	at org.springframework.context.support.AbstractApplicationContext.finishBeanFactoryInitialization(AbstractApplicationContext.java:757)
	at org.springframework.context.support.AbstractApplicationContext.refresh(AbstractApplicationContext.java:480)
	at org.springframework.test.context.support.AbstractGenericContextLoader.loadContext(AbstractGenericContextLoader.java:125)
	at org.springframework.test.context.support.AbstractGenericContextLoader.loadContext(AbstractGenericContextLoader.java:60)
	at org.springframework.test.context.support.AbstractDelegatingSmartContextLoader.delegateLoading(AbstractDelegatingSmartContextLoader.java:109)
	at org.springframework.test.context.support.AbstractDelegatingSmartContextLoader.loadContext(AbstractDelegatingSmartContextLoader.java:261)
	at org.springframework.test.context.DefaultCacheAwareContextLoaderDelegate.loadContextInternal(DefaultCacheAwareContextLoaderDelegate.java:68)
	at org.springframework.test.context.DefaultCacheAwareContextLoaderDelegate.loadContext(DefaultCacheAwareContextLoaderDelegate.java:86)
	... 31 more
Caused by: org.springframework.beans.factory.BeanCreationException: Could not autowire field: private com.service.SeckillService com.controller.SeckillController.seckillService; nested exception is org.springframework.beans.factory.BeanCreationException: Error creating bean with name &apos;seckillServiceImpl&apos;: Injection of autowired dependencies failed; nested exception is org.springframework.beans.factory.BeanCreationException: Could not autowire field: private com.dao.catche.RedisDao com.service.impl.SeckillServiceImpl.redisDao; nested exception is org.springframework.beans.factory.BeanCreationException: Error creating bean with name &apos;redisDao&apos; defined in file [D:\openToolWorkSpace\Eclipse\space_3\seckill\target\classes\com\dao\catche\RedisDao.class]: Instantiation of bean failed; nested exception is org.springframework.beans.BeanInstantiationException: Failed to instantiate [com.dao.catche.RedisDao]: No default constructor found; nested exception is java.lang.NoSuchMethodException: com.dao.catche.RedisDao.&lt;init&gt;()
	at org.springframework.beans.factory.annotation.AutowiredAnnotationBeanPostProcessor$AutowiredFieldElement.inject(AutowiredAnnotationBeanPostProcessor.java:561)
	at org.springframework.beans.factory.annotation.InjectionMetadata.inject(InjectionMetadata.java:88)
	at org.springframework.beans.factory.annotation.AutowiredAnnotationBeanPostProcessor.postProcessPropertyValues(AutowiredAnnotationBeanPostProcessor.java:331)
	... 47 more
Caused by: org.springframework.beans.factory.BeanCreationException: Error creating bean with name &apos;seckillServiceImpl&apos;: Injection of autowired dependencies failed; nested exception is org.springframework.beans.factory.BeanCreationException: Could not autowire field: private com.dao.catche.RedisDao com.service.impl.SeckillServiceImpl.redisDao; nested exception is org.springframework.beans.factory.BeanCreationException: Error creating bean with name &apos;redisDao&apos; defined in file [D:\openToolWorkSpace\Eclipse\space_3\seckill\target\classes\com\dao\catche\RedisDao.class]: Instantiation of bean failed; nested exception is org.springframework.beans.BeanInstantiationException: Failed to instantiate [com.dao.catche.RedisDao]: No default constructor found; nested exception is java.lang.NoSuchMethodException: com.dao.catche.RedisDao.&lt;init&gt;()
	at org.springframework.beans.factory.annotation.AutowiredAnnotationBeanPostProcessor.postProcessPropertyValues(AutowiredAnnotationBeanPostProcessor.java:334)
	at org.springframework.beans.factory.support.AbstractAutowireCapableBeanFactory.populateBean(AbstractAutowireCapableBeanFactory.java:1202)
	at org.springframework.beans.factory.support.AbstractAutowireCapableBeanFactory.doCreateBean(AbstractAutowireCapableBeanFactory.java:537)
	at org.springframework.beans.factory.support.AbstractAutowireCapableBeanFactory.createBean(AbstractAutowireCapableBeanFactory.java:476)
	at org.springframework.beans.factory.support.AbstractBeanFactory$1.getObject(AbstractBeanFactory.java:303)
	at org.springframework.beans.factory.support.DefaultSingletonBeanRegistry.getSingleton(DefaultSingletonBeanRegistry.java:230)
	at org.springframework.beans.factory.support.AbstractBeanFactory.doGetBean(AbstractBeanFactory.java:299)
	at org.springframework.beans.factory.support.AbstractBeanFactory.getBean(AbstractBeanFactory.java:194)
	at org.springframework.beans.factory.support.DefaultListableBeanFactory.findAutowireCandidates(DefaultListableBeanFactory.java:1127)
	at org.springframework.beans.factory.support.DefaultListableBeanFactory.doResolveDependency(DefaultListableBeanFactory.java:1051)
	at org.springframework.beans.factory.support.DefaultListableBeanFactory.resolveDependency(DefaultListableBeanFactory.java:949)
	at org.springframework.beans.factory.annotation.AutowiredAnnotationBeanPostProcessor$AutowiredFieldElement.inject(AutowiredAnnotationBeanPostProcessor.java:533)
	... 49 more
Caused by: org.springframework.beans.factory.BeanCreationException: Could not autowire field: private com.dao.catche.RedisDao com.service.impl.SeckillServiceImpl.redisDao; nested exception is org.springframework.beans.factory.BeanCreationException: Error creating bean with name &apos;redisDao&apos; defined in file [D:\openToolWorkSpace\Eclipse\space_3\seckill\target\classes\com\dao\catche\RedisDao.class]: Instantiation of bean failed; nested exception is org.springframework.beans.BeanInstantiationException: Failed to instantiate [com.dao.catche.RedisDao]: No default constructor found; nested exception is java.lang.NoSuchMethodException: com.dao.catche.RedisDao.&lt;init&gt;()
	at org.springframework.beans.factory.annotation.AutowiredAnnotationBeanPostProcessor$AutowiredFieldElement.inject(AutowiredAnnotationBeanPostProcessor.java:561)
	at org.springframework.beans.factory.annotation.InjectionMetadata.inject(InjectionMetadata.java:88)
	at org.springframework.beans.factory.annotation.AutowiredAnnotationBeanPostProcessor.postProcessPropertyValues(AutowiredAnnotationBeanPostProcessor.java:331)
	... 60 more
Caused by: org.springframework.beans.factory.BeanCreationException: Error creating bean with name &apos;redisDao&apos; defined in file [D:\openToolWorkSpace\Eclipse\space_3\seckill\target\classes\com\dao\catche\RedisDao.class]: Instantiation of bean failed; nested exception is org.springframework.beans.BeanInstantiationException: Failed to instantiate [com.dao.catche.RedisDao]: No default constructor found; nested exception is java.lang.NoSuchMethodException: com.dao.catche.RedisDao.&lt;init&gt;()
	at org.springframework.beans.factory.support.AbstractAutowireCapableBeanFactory.instantiateBean(AbstractAutowireCapableBeanFactory.java:1093)
	at org.springframework.beans.factory.support.AbstractAutowireCapableBeanFactory.createBeanInstance(AbstractAutowireCapableBeanFactory.java:1038)
	at org.springframework.beans.factory.support.AbstractAutowireCapableBeanFactory.doCreateBean(AbstractAutowireCapableBeanFactory.java:504)
	at org.springframework.beans.factory.support.AbstractAutowireCapableBeanFactory.createBean(AbstractAutowireCapableBeanFactory.java:476)
	at org.springframework.beans.factory.support.AbstractBeanFactory$1.getObject(AbstractBeanFactory.java:303)
	at org.springframework.beans.factory.support.DefaultSingletonBeanRegistry.getSingleton(DefaultSingletonBeanRegistry.java:230)
	at org.springframework.beans.factory.support.AbstractBeanFactory.doGetBean(AbstractBeanFactory.java:299)
	at org.springframework.beans.factory.support.AbstractBeanFactory.getBean(AbstractBeanFactory.java:194)
	at org.springframework.beans.factory.support.DefaultListableBeanFactory.findAutowireCandidates(DefaultListableBeanFactory.java:1127)
	at org.springframework.beans.factory.support.DefaultListableBeanFactory.doResolveDependency(DefaultListableBeanFactory.java:1051)
	at org.springframework.beans.factory.support.DefaultListableBeanFactory.resolveDependency(DefaultListableBeanFactory.java:949)
	at org.springframework.beans.factory.annotation.AutowiredAnnotationBeanPostProcessor$AutowiredFieldElement.inject(AutowiredAnnotationBeanPostProcessor.java:533)
	... 62 more
Caused by: org.springframework.beans.BeanInstantiationException: Failed to instantiate [com.dao.catche.RedisDao]: No default constructor found; nested exception is java.lang.NoSuchMethodException: com.dao.catche.RedisDao.&lt;init&gt;()
	at org.springframework.beans.factory.support.SimpleInstantiationStrategy.instantiate(SimpleInstantiationStrategy.java:85)
	at org.springframework.beans.factory.support.AbstractAutowireCapableBeanFactory.instantiateBean(AbstractAutowireCapableBeanFactory.java:1086)
	... 73 more
Caused by: java.lang.NoSuchMethodException: com.dao.catche.RedisDao.&lt;init&gt;()
	at java.lang.Class.getConstructor0(Class.java:2902)
	at java.lang.Class.getDeclaredConstructor(Class.java:2066)
	at org.springframework.beans.factory.support.SimpleInstantiationStrategy.instantiate(SimpleInstantiationStrategy.java:80)
	... 74 more
</error>
    <system-out>14:56:39.571 [main] DEBUG org.apache.ibatis.io.ResolverUtil - Find JAR URL: file:/D:/openToolWorkSpace/Eclipse/space_3/seckill/target/classes/com/pojo
14:56:39.571 [main] DEBUG org.apache.ibatis.io.ResolverUtil - Not a JAR: file:/D:/openToolWorkSpace/Eclipse/space_3/seckill/target/classes/com/pojo
14:56:39.572 [main] DEBUG org.apache.ibatis.io.ResolverUtil - Reader entry: Seckill.class
14:56:39.572 [main] DEBUG org.apache.ibatis.io.ResolverUtil - Reader entry: SuccessKilled.class
14:56:39.572 [main] DEBUG org.apache.ibatis.io.ResolverUtil - Listing file:/D:/openToolWorkSpace/Eclipse/space_3/seckill/target/classes/com/pojo
14:56:39.572 [main] DEBUG org.apache.ibatis.io.ResolverUtil - Find JAR URL: file:/D:/openToolWorkSpace/Eclipse/space_3/seckill/target/classes/com/pojo/Seckill.class
14:56:39.572 [main] DEBUG org.apache.ibatis.io.ResolverUtil - Not a JAR: file:/D:/openToolWorkSpace/Eclipse/space_3/seckill/target/classes/com/pojo/Seckill.class
14:56:39.573 [main] DEBUG org.apache.ibatis.io.ResolverUtil - Reader entry: ����&amp;#0;&amp;#0;&amp;#0;3&amp;#0;V&amp;#7;&amp;#0;&amp;#2;&amp;#1;&amp;#0;&amp;#16;com/pojo/Seckill&amp;#7;&amp;#0;&amp;#4;&amp;#1;&amp;#0;&amp;#16;java/lang/Object&amp;#1;&amp;#0;	seckillId&amp;#1;&amp;#0;&amp;#16;Ljava/lang/Long;&amp;#1;&amp;#0;&amp;#4;name&amp;#1;&amp;#0;&amp;#18;Ljava/lang/String;&amp;#1;&amp;#0;&amp;#6;number&amp;#1;&amp;#0;&amp;#19;Ljava/lang/Integer;&amp;#1;&amp;#0;	startTime&amp;#1;&amp;#0;&amp;#16;Ljava/util/Date;&amp;#1;&amp;#0;&amp;#7;endTime&amp;#1;&amp;#0;
14:56:39.573 [main] DEBUG org.apache.ibatis.io.ResolverUtil - Find JAR URL: file:/D:/openToolWorkSpace/Eclipse/space_3/seckill/target/classes/com/pojo/SuccessKilled.class
14:56:39.573 [main] DEBUG org.apache.ibatis.io.ResolverUtil - Not a JAR: file:/D:/openToolWorkSpace/Eclipse/space_3/seckill/target/classes/com/pojo/SuccessKilled.class
14:56:39.574 [main] DEBUG org.apache.ibatis.io.ResolverUtil - Reader entry: ����&amp;#0;&amp;#0;&amp;#0;3&amp;#0;Q&amp;#7;&amp;#0;&amp;#2;&amp;#1;&amp;#0;&amp;#22;com/pojo/SuccessKilled&amp;#7;&amp;#0;&amp;#4;&amp;#1;&amp;#0;&amp;#16;java/lang/Object&amp;#1;&amp;#0;	seckillId&amp;#1;&amp;#0;&amp;#16;Ljava/lang/Long;&amp;#1;&amp;#0;	userPhone&amp;#1;&amp;#0;&amp;#5;state&amp;#1;&amp;#0;&amp;#16;Ljava/lang/Byte;&amp;#1;&amp;#0;
14:56:39.574 [main] DEBUG org.apache.ibatis.io.ResolverUtil - Checking to see if class com.pojo.Seckill matches criteria [is assignable to Object]
14:56:39.575 [main] DEBUG org.apache.ibatis.io.ResolverUtil - Checking to see if class com.pojo.SuccessKilled matches criteria [is assignable to Object]
14:56:39.575 [main] DEBUG o.m.spring.SqlSessionFactoryBean - Scanned package: &apos;com.pojo&apos; for aliases
14:56:39.582 [main] DEBUG o.m.spring.SqlSessionFactoryBean - Parsed configuration file: &apos;class path resource [mybatis-config.xml]&apos;
14:56:39.596 [main] DEBUG o.m.spring.SqlSessionFactoryBean - Parsed mapper file: &apos;file [D:\openToolWorkSpace\Eclipse\space_3\seckill\target\classes\mapper\SeckillDao.xml]&apos;
14:56:39.610 [main] DEBUG o.m.spring.SqlSessionFactoryBean - Parsed mapper file: &apos;file [D:\openToolWorkSpace\Eclipse\space_3\seckill\target\classes\mapper\SuccessKillDAO.xml]&apos;
</system-out>
  </testcase>
  <testcase time="0.003" classname="com.service.SeckillServiceTest" name="testGetSeckillById">
    <error message="Failed to load ApplicationContext" type="java.lang.IllegalStateException">java.lang.IllegalStateException: Failed to load ApplicationContext
	at org.springframework.test.context.DefaultCacheAwareContextLoaderDelegate.loadContext(DefaultCacheAwareContextLoaderDelegate.java:94)
	at org.springframework.test.context.DefaultTestContext.getApplicationContext(DefaultTestContext.java:72)
	at org.springframework.test.context.support.DependencyInjectionTestExecutionListener.injectDependencies(DependencyInjectionTestExecutionListener.java:117)
	at org.springframework.test.context.support.DependencyInjectionTestExecutionListener.prepareTestInstance(DependencyInjectionTestExecutionListener.java:83)
	at org.springframework.test.context.TestContextManager.prepareTestInstance(TestContextManager.java:212)
	at org.springframework.test.context.junit4.SpringJUnit4ClassRunner.createTest(SpringJUnit4ClassRunner.java:200)
	at org.springframework.test.context.junit4.SpringJUnit4ClassRunner$1.runReflectiveCall(SpringJUnit4ClassRunner.java:252)
	at org.junit.internal.runners.model.ReflectiveCallable.run(ReflectiveCallable.java:12)
	at org.springframework.test.context.junit4.SpringJUnit4ClassRunner.methodBlock(SpringJUnit4ClassRunner.java:254)
	at org.springframework.test.context.junit4.SpringJUnit4ClassRunner.runChild(SpringJUnit4ClassRunner.java:217)
	at org.springframework.test.context.junit4.SpringJUnit4ClassRunner.runChild(SpringJUnit4ClassRunner.java:83)
	at org.junit.runners.ParentRunner$3.run(ParentRunner.java:290)
	at org.junit.runners.ParentRunner$1.schedule(ParentRunner.java:71)
	at org.junit.runners.ParentRunner.runChildren(ParentRunner.java:288)
	at org.junit.runners.ParentRunner.access$000(ParentRunner.java:58)
	at org.junit.runners.ParentRunner$2.evaluate(ParentRunner.java:268)
	at org.springframework.test.context.junit4.statements.RunBeforeTestClassCallbacks.evaluate(RunBeforeTestClassCallbacks.java:61)
	at org.springframework.test.context.junit4.statements.RunAfterTestClassCallbacks.evaluate(RunAfterTestClassCallbacks.java:68)
	at org.junit.runners.ParentRunner.run(ParentRunner.java:363)
	at org.springframework.test.context.junit4.SpringJUnit4ClassRunner.run(SpringJUnit4ClassRunner.java:163)
	at org.apache.maven.surefire.junit4.JUnit4TestSet.execute(JUnit4TestSet.java:53)
	at org.apache.maven.surefire.junit4.JUnit4Provider.executeTestSet(JUnit4Provider.java:123)
	at org.apache.maven.surefire.junit4.JUnit4Provider.invoke(JUnit4Provider.java:104)
	at sun.reflect.NativeMethodAccessorImpl.invoke0(Native Method)
	at sun.reflect.NativeMethodAccessorImpl.invoke(NativeMethodAccessorImpl.java:57)
	at sun.reflect.DelegatingMethodAccessorImpl.invoke(DelegatingMethodAccessorImpl.java:43)
	at java.lang.reflect.Method.invoke(Method.java:606)
	at org.apache.maven.surefire.util.ReflectionUtils.invokeMethodWithArray(ReflectionUtils.java:164)
	at org.apache.maven.surefire.booter.ProviderFactory$ProviderProxy.invoke(ProviderFactory.java:110)
	at org.apache.maven.surefire.booter.SurefireStarter.invokeProvider(SurefireStarter.java:175)
	at org.apache.maven.surefire.booter.SurefireStarter.runSuitesInProcessWhenForked(SurefireStarter.java:107)
	at org.apache.maven.surefire.booter.ForkedBooter.main(ForkedBooter.java:68)
Caused by: org.springframework.beans.factory.BeanCreationException: Error creating bean with name &apos;seckillController&apos;: Injection of autowired dependencies failed; nested exception is org.springframework.beans.factory.BeanCreationException: Could not autowire field: private com.service.SeckillService com.controller.SeckillController.seckillService; nested exception is org.springframework.beans.factory.BeanCreationException: Error creating bean with name &apos;seckillServiceImpl&apos;: Injection of autowired dependencies failed; nested exception is org.springframework.beans.factory.BeanCreationException: Could not autowire field: private com.dao.catche.RedisDao com.service.impl.SeckillServiceImpl.redisDao; nested exception is org.springframework.beans.factory.BeanCreationException: Error creating bean with name &apos;redisDao&apos; defined in file [D:\openToolWorkSpace\Eclipse\space_3\seckill\target\classes\com\dao\catche\RedisDao.class]: Instantiation of bean failed; nested exception is org.springframework.beans.BeanInstantiationException: Failed to instantiate [com.dao.catche.RedisDao]: No default constructor found; nested exception is java.lang.NoSuchMethodException: com.dao.catche.RedisDao.&lt;init&gt;()
	at org.springframework.beans.factory.annotation.AutowiredAnnotationBeanPostProcessor.postProcessPropertyValues(AutowiredAnnotationBeanPostProcessor.java:334)
	at org.springframework.beans.factory.support.AbstractAutowireCapableBeanFactory.populateBean(AbstractAutowireCapableBeanFactory.java:1202)
	at org.springframework.beans.factory.support.AbstractAutowireCapableBeanFactory.doCreateBean(AbstractAutowireCapableBeanFactory.java:537)
	at org.springframework.beans.factory.support.AbstractAutowireCapableBeanFactory.createBean(AbstractAutowireCapableBeanFactory.java:476)
	at org.springframework.beans.factory.support.AbstractBeanFactory$1.getObject(AbstractBeanFactory.java:303)
	at org.springframework.beans.factory.support.DefaultSingletonBeanRegistry.getSingleton(DefaultSingletonBeanRegistry.java:230)
	at org.springframework.beans.factory.support.AbstractBeanFactory.doGetBean(AbstractBeanFactory.java:299)
	at org.springframework.beans.factory.support.AbstractBeanFactory.getBean(AbstractBeanFactory.java:194)
	at org.springframework.beans.factory.support.DefaultListableBeanFactory.preInstantiateSingletons(DefaultListableBeanFactory.java:762)
	at org.springframework.context.support.AbstractApplicationContext.finishBeanFactoryInitialization(AbstractApplicationContext.java:757)
	at org.springframework.context.support.AbstractApplicationContext.refresh(AbstractApplicationContext.java:480)
	at org.springframework.test.context.support.AbstractGenericContextLoader.loadContext(AbstractGenericContextLoader.java:125)
	at org.springframework.test.context.support.AbstractGenericContextLoader.loadContext(AbstractGenericContextLoader.java:60)
	at org.springframework.test.context.support.AbstractDelegatingSmartContextLoader.delegateLoading(AbstractDelegatingSmartContextLoader.java:109)
	at org.springframework.test.context.support.AbstractDelegatingSmartContextLoader.loadContext(AbstractDelegatingSmartContextLoader.java:261)
	at org.springframework.test.context.DefaultCacheAwareContextLoaderDelegate.loadContextInternal(DefaultCacheAwareContextLoaderDelegate.java:68)
	at org.springframework.test.context.DefaultCacheAwareContextLoaderDelegate.loadContext(DefaultCacheAwareContextLoaderDelegate.java:86)
	... 31 more
Caused by: org.springframework.beans.factory.BeanCreationException: Could not autowire field: private com.service.SeckillService com.controller.SeckillController.seckillService; nested exception is org.springframework.beans.factory.BeanCreationException: Error creating bean with name &apos;seckillServiceImpl&apos;: Injection of autowired dependencies failed; nested exception is org.springframework.beans.factory.BeanCreationException: Could not autowire field: private com.dao.catche.RedisDao com.service.impl.SeckillServiceImpl.redisDao; nested exception is org.springframework.beans.factory.BeanCreationException: Error creating bean with name &apos;redisDao&apos; defined in file [D:\openToolWorkSpace\Eclipse\space_3\seckill\target\classes\com\dao\catche\RedisDao.class]: Instantiation of bean failed; nested exception is org.springframework.beans.BeanInstantiationException: Failed to instantiate [com.dao.catche.RedisDao]: No default constructor found; nested exception is java.lang.NoSuchMethodException: com.dao.catche.RedisDao.&lt;init&gt;()
	at org.springframework.beans.factory.annotation.AutowiredAnnotationBeanPostProcessor$AutowiredFieldElement.inject(AutowiredAnnotationBeanPostProcessor.java:561)
	at org.springframework.beans.factory.annotation.InjectionMetadata.inject(InjectionMetadata.java:88)
	at org.springframework.beans.factory.annotation.AutowiredAnnotationBeanPostProcessor.postProcessPropertyValues(AutowiredAnnotationBeanPostProcessor.java:331)
	... 47 more
Caused by: org.springframework.beans.factory.BeanCreationException: Error creating bean with name &apos;seckillServiceImpl&apos;: Injection of autowired dependencies failed; nested exception is org.springframework.beans.factory.BeanCreationException: Could not autowire field: private com.dao.catche.RedisDao com.service.impl.SeckillServiceImpl.redisDao; nested exception is org.springframework.beans.factory.BeanCreationException: Error creating bean with name &apos;redisDao&apos; defined in file [D:\openToolWorkSpace\Eclipse\space_3\seckill\target\classes\com\dao\catche\RedisDao.class]: Instantiation of bean failed; nested exception is org.springframework.beans.BeanInstantiationException: Failed to instantiate [com.dao.catche.RedisDao]: No default constructor found; nested exception is java.lang.NoSuchMethodException: com.dao.catche.RedisDao.&lt;init&gt;()
	at org.springframework.beans.factory.annotation.AutowiredAnnotationBeanPostProcessor.postProcessPropertyValues(AutowiredAnnotationBeanPostProcessor.java:334)
	at org.springframework.beans.factory.support.AbstractAutowireCapableBeanFactory.populateBean(AbstractAutowireCapableBeanFactory.java:1202)
	at org.springframework.beans.factory.support.AbstractAutowireCapableBeanFactory.doCreateBean(AbstractAutowireCapableBeanFactory.java:537)
	at org.springframework.beans.factory.support.AbstractAutowireCapableBeanFactory.createBean(AbstractAutowireCapableBeanFactory.java:476)
	at org.springframework.beans.factory.support.AbstractBeanFactory$1.getObject(AbstractBeanFactory.java:303)
	at org.springframework.beans.factory.support.DefaultSingletonBeanRegistry.getSingleton(DefaultSingletonBeanRegistry.java:230)
	at org.springframework.beans.factory.support.AbstractBeanFactory.doGetBean(AbstractBeanFactory.java:299)
	at org.springframework.beans.factory.support.AbstractBeanFactory.getBean(AbstractBeanFactory.java:194)
	at org.springframework.beans.factory.support.DefaultListableBeanFactory.findAutowireCandidates(DefaultListableBeanFactory.java:1127)
	at org.springframework.beans.factory.support.DefaultListableBeanFactory.doResolveDependency(DefaultListableBeanFactory.java:1051)
	at org.springframework.beans.factory.support.DefaultListableBeanFactory.resolveDependency(DefaultListableBeanFactory.java:949)
	at org.springframework.beans.factory.annotation.AutowiredAnnotationBeanPostProcessor$AutowiredFieldElement.inject(AutowiredAnnotationBeanPostProcessor.java:533)
	... 49 more
Caused by: org.springframework.beans.factory.BeanCreationException: Could not autowire field: private com.dao.catche.RedisDao com.service.impl.SeckillServiceImpl.redisDao; nested exception is org.springframework.beans.factory.BeanCreationException: Error creating bean with name &apos;redisDao&apos; defined in file [D:\openToolWorkSpace\Eclipse\space_3\seckill\target\classes\com\dao\catche\RedisDao.class]: Instantiation of bean failed; nested exception is org.springframework.beans.BeanInstantiationException: Failed to instantiate [com.dao.catche.RedisDao]: No default constructor found; nested exception is java.lang.NoSuchMethodException: com.dao.catche.RedisDao.&lt;init&gt;()
	at org.springframework.beans.factory.annotation.AutowiredAnnotationBeanPostProcessor$AutowiredFieldElement.inject(AutowiredAnnotationBeanPostProcessor.java:561)
	at org.springframework.beans.factory.annotation.InjectionMetadata.inject(InjectionMetadata.java:88)
	at org.springframework.beans.factory.annotation.AutowiredAnnotationBeanPostProcessor.postProcessPropertyValues(AutowiredAnnotationBeanPostProcessor.java:331)
	... 60 more
Caused by: org.springframework.beans.factory.BeanCreationException: Error creating bean with name &apos;redisDao&apos; defined in file [D:\openToolWorkSpace\Eclipse\space_3\seckill\target\classes\com\dao\catche\RedisDao.class]: Instantiation of bean failed; nested exception is org.springframework.beans.BeanInstantiationException: Failed to instantiate [com.dao.catche.RedisDao]: No default constructor found; nested exception is java.lang.NoSuchMethodException: com.dao.catche.RedisDao.&lt;init&gt;()
	at org.springframework.beans.factory.support.AbstractAutowireCapableBeanFactory.instantiateBean(AbstractAutowireCapableBeanFactory.java:1093)
	at org.springframework.beans.factory.support.AbstractAutowireCapableBeanFactory.createBeanInstance(AbstractAutowireCapableBeanFactory.java:1038)
	at org.springframework.beans.factory.support.AbstractAutowireCapableBeanFactory.doCreateBean(AbstractAutowireCapableBeanFactory.java:504)
	at org.springframework.beans.factory.support.AbstractAutowireCapableBeanFactory.createBean(AbstractAutowireCapableBeanFactory.java:476)
	at org.springframework.beans.factory.support.AbstractBeanFactory$1.getObject(AbstractBeanFactory.java:303)
	at org.springframework.beans.factory.support.DefaultSingletonBeanRegistry.getSingleton(DefaultSingletonBeanRegistry.java:230)
	at org.springframework.beans.factory.support.AbstractBeanFactory.doGetBean(AbstractBeanFactory.java:299)
	at org.springframework.beans.factory.support.AbstractBeanFactory.getBean(AbstractBeanFactory.java:194)
	at org.springframework.beans.factory.support.DefaultListableBeanFactory.findAutowireCandidates(DefaultListableBeanFactory.java:1127)
	at org.springframework.beans.factory.support.DefaultListableBeanFactory.doResolveDependency(DefaultListableBeanFactory.java:1051)
	at org.springframework.beans.factory.support.DefaultListableBeanFactory.resolveDependency(DefaultListableBeanFactory.java:949)
	at org.springframework.beans.factory.annotation.AutowiredAnnotationBeanPostProcessor$AutowiredFieldElement.inject(AutowiredAnnotationBeanPostProcessor.java:533)
	... 62 more
Caused by: org.springframework.beans.BeanInstantiationException: Failed to instantiate [com.dao.catche.RedisDao]: No default constructor found; nested exception is java.lang.NoSuchMethodException: com.dao.catche.RedisDao.&lt;init&gt;()
	at org.springframework.beans.factory.support.SimpleInstantiationStrategy.instantiate(SimpleInstantiationStrategy.java:85)
	at org.springframework.beans.factory.support.AbstractAutowireCapableBeanFactory.instantiateBean(AbstractAutowireCapableBeanFactory.java:1086)
	... 73 more
Caused by: java.lang.NoSuchMethodException: com.dao.catche.RedisDao.&lt;init&gt;()
	at java.lang.Class.getConstructor0(Class.java:2902)
	at java.lang.Class.getDeclaredConstructor(Class.java:2066)
	at org.springframework.beans.factory.support.SimpleInstantiationStrategy.instantiate(SimpleInstantiationStrategy.java:80)
	... 74 more
</error>
    <system-out>14:56:40.408 [main] DEBUG org.apache.ibatis.io.ResolverUtil - Find JAR URL: file:/D:/openToolWorkSpace/Eclipse/space_3/seckill/target/classes/com/pojo
14:56:40.408 [main] DEBUG org.apache.ibatis.io.ResolverUtil - Not a JAR: file:/D:/openToolWorkSpace/Eclipse/space_3/seckill/target/classes/com/pojo
14:56:40.409 [main] DEBUG org.apache.ibatis.io.ResolverUtil - Reader entry: Seckill.class
14:56:40.409 [main] DEBUG org.apache.ibatis.io.ResolverUtil - Reader entry: SuccessKilled.class
14:56:40.409 [main] DEBUG org.apache.ibatis.io.ResolverUtil - Listing file:/D:/openToolWorkSpace/Eclipse/space_3/seckill/target/classes/com/pojo
14:56:40.410 [main] DEBUG org.apache.ibatis.io.ResolverUtil - Find JAR URL: file:/D:/openToolWorkSpace/Eclipse/space_3/seckill/target/classes/com/pojo/Seckill.class
14:56:40.410 [main] DEBUG org.apache.ibatis.io.ResolverUtil - Not a JAR: file:/D:/openToolWorkSpace/Eclipse/space_3/seckill/target/classes/com/pojo/Seckill.class
14:56:40.410 [main] DEBUG org.apache.ibatis.io.ResolverUtil - Reader entry: ����&amp;#0;&amp;#0;&amp;#0;3&amp;#0;V&amp;#7;&amp;#0;&amp;#2;&amp;#1;&amp;#0;&amp;#16;com/pojo/Seckill&amp;#7;&amp;#0;&amp;#4;&amp;#1;&amp;#0;&amp;#16;java/lang/Object&amp;#1;&amp;#0;	seckillId&amp;#1;&amp;#0;&amp;#16;Ljava/lang/Long;&amp;#1;&amp;#0;&amp;#4;name&amp;#1;&amp;#0;&amp;#18;Ljava/lang/String;&amp;#1;&amp;#0;&amp;#6;number&amp;#1;&amp;#0;&amp;#19;Ljava/lang/Integer;&amp;#1;&amp;#0;	startTime&amp;#1;&amp;#0;&amp;#16;Ljava/util/Date;&amp;#1;&amp;#0;&amp;#7;endTime&amp;#1;&amp;#0;
14:56:40.411 [main] DEBUG org.apache.ibatis.io.ResolverUtil - Find JAR URL: file:/D:/openToolWorkSpace/Eclipse/space_3/seckill/target/classes/com/pojo/SuccessKilled.class
14:56:40.411 [main] DEBUG org.apache.ibatis.io.ResolverUtil - Not a JAR: file:/D:/openToolWorkSpace/Eclipse/space_3/seckill/target/classes/com/pojo/SuccessKilled.class
14:56:40.411 [main] DEBUG org.apache.ibatis.io.ResolverUtil - Reader entry: ����&amp;#0;&amp;#0;&amp;#0;3&amp;#0;Q&amp;#7;&amp;#0;&amp;#2;&amp;#1;&amp;#0;&amp;#22;com/pojo/SuccessKilled&amp;#7;&amp;#0;&amp;#4;&amp;#1;&amp;#0;&amp;#16;java/lang/Object&amp;#1;&amp;#0;	seckillId&amp;#1;&amp;#0;&amp;#16;Ljava/lang/Long;&amp;#1;&amp;#0;	userPhone&amp;#1;&amp;#0;&amp;#5;state&amp;#1;&amp;#0;&amp;#16;Ljava/lang/Byte;&amp;#1;&amp;#0;
14:56:40.411 [main] DEBUG org.apache.ibatis.io.ResolverUtil - Checking to see if class com.pojo.Seckill matches criteria [is assignable to Object]
14:56:40.412 [main] DEBUG org.apache.ibatis.io.ResolverUtil - Checking to see if class com.pojo.SuccessKilled matches criteria [is assignable to Object]
14:56:40.412 [main] DEBUG o.m.spring.SqlSessionFactoryBean - Scanned package: &apos;com.pojo&apos; for aliases
14:56:40.420 [main] DEBUG o.m.spring.SqlSessionFactoryBean - Parsed configuration file: &apos;class path resource [mybatis-config.xml]&apos;
14:56:40.432 [main] DEBUG o.m.spring.SqlSessionFactoryBean - Parsed mapper file: &apos;file [D:\openToolWorkSpace\Eclipse\space_3\seckill\target\classes\mapper\SeckillDao.xml]&apos;
14:56:40.444 [main] DEBUG o.m.spring.SqlSessionFactoryBean - Parsed mapper file: &apos;file [D:\openToolWorkSpace\Eclipse\space_3\seckill\target\classes\mapper\SuccessKillDAO.xml]&apos;
</system-out>
  </testcase>
  <testcase time="0.002" classname="com.service.SeckillServiceTest" name="testGetSeckillList">
    <error message="Failed to load ApplicationContext" type="java.lang.IllegalStateException">java.lang.IllegalStateException: Failed to load ApplicationContext
	at org.springframework.test.context.DefaultCacheAwareContextLoaderDelegate.loadContext(DefaultCacheAwareContextLoaderDelegate.java:94)
	at org.springframework.test.context.DefaultTestContext.getApplicationContext(DefaultTestContext.java:72)
	at org.springframework.test.context.support.DependencyInjectionTestExecutionListener.injectDependencies(DependencyInjectionTestExecutionListener.java:117)
	at org.springframework.test.context.support.DependencyInjectionTestExecutionListener.prepareTestInstance(DependencyInjectionTestExecutionListener.java:83)
	at org.springframework.test.context.TestContextManager.prepareTestInstance(TestContextManager.java:212)
	at org.springframework.test.context.junit4.SpringJUnit4ClassRunner.createTest(SpringJUnit4ClassRunner.java:200)
	at org.springframework.test.context.junit4.SpringJUnit4ClassRunner$1.runReflectiveCall(SpringJUnit4ClassRunner.java:252)
	at org.junit.internal.runners.model.ReflectiveCallable.run(ReflectiveCallable.java:12)
	at org.springframework.test.context.junit4.SpringJUnit4ClassRunner.methodBlock(SpringJUnit4ClassRunner.java:254)
	at org.springframework.test.context.junit4.SpringJUnit4ClassRunner.runChild(SpringJUnit4ClassRunner.java:217)
	at org.springframework.test.context.junit4.SpringJUnit4ClassRunner.runChild(SpringJUnit4ClassRunner.java:83)
	at org.junit.runners.ParentRunner$3.run(ParentRunner.java:290)
	at org.junit.runners.ParentRunner$1.schedule(ParentRunner.java:71)
	at org.junit.runners.ParentRunner.runChildren(ParentRunner.java:288)
	at org.junit.runners.ParentRunner.access$000(ParentRunner.java:58)
	at org.junit.runners.ParentRunner$2.evaluate(ParentRunner.java:268)
	at org.springframework.test.context.junit4.statements.RunBeforeTestClassCallbacks.evaluate(RunBeforeTestClassCallbacks.java:61)
	at org.springframework.test.context.junit4.statements.RunAfterTestClassCallbacks.evaluate(RunAfterTestClassCallbacks.java:68)
	at org.junit.runners.ParentRunner.run(ParentRunner.java:363)
	at org.springframework.test.context.junit4.SpringJUnit4ClassRunner.run(SpringJUnit4ClassRunner.java:163)
	at org.apache.maven.surefire.junit4.JUnit4TestSet.execute(JUnit4TestSet.java:53)
	at org.apache.maven.surefire.junit4.JUnit4Provider.executeTestSet(JUnit4Provider.java:123)
	at org.apache.maven.surefire.junit4.JUnit4Provider.invoke(JUnit4Provider.java:104)
	at sun.reflect.NativeMethodAccessorImpl.invoke0(Native Method)
	at sun.reflect.NativeMethodAccessorImpl.invoke(NativeMethodAccessorImpl.java:57)
	at sun.reflect.DelegatingMethodAccessorImpl.invoke(DelegatingMethodAccessorImpl.java:43)
	at java.lang.reflect.Method.invoke(Method.java:606)
	at org.apache.maven.surefire.util.ReflectionUtils.invokeMethodWithArray(ReflectionUtils.java:164)
	at org.apache.maven.surefire.booter.ProviderFactory$ProviderProxy.invoke(ProviderFactory.java:110)
	at org.apache.maven.surefire.booter.SurefireStarter.invokeProvider(SurefireStarter.java:175)
	at org.apache.maven.surefire.booter.SurefireStarter.runSuitesInProcessWhenForked(SurefireStarter.java:107)
	at org.apache.maven.surefire.booter.ForkedBooter.main(ForkedBooter.java:68)
Caused by: org.springframework.beans.factory.BeanCreationException: Error creating bean with name &apos;seckillController&apos;: Injection of autowired dependencies failed; nested exception is org.springframework.beans.factory.BeanCreationException: Could not autowire field: private com.service.SeckillService com.controller.SeckillController.seckillService; nested exception is org.springframework.beans.factory.BeanCreationException: Error creating bean with name &apos;seckillServiceImpl&apos;: Injection of autowired dependencies failed; nested exception is org.springframework.beans.factory.BeanCreationException: Could not autowire field: private com.dao.catche.RedisDao com.service.impl.SeckillServiceImpl.redisDao; nested exception is org.springframework.beans.factory.BeanCreationException: Error creating bean with name &apos;redisDao&apos; defined in file [D:\openToolWorkSpace\Eclipse\space_3\seckill\target\classes\com\dao\catche\RedisDao.class]: Instantiation of bean failed; nested exception is org.springframework.beans.BeanInstantiationException: Failed to instantiate [com.dao.catche.RedisDao]: No default constructor found; nested exception is java.lang.NoSuchMethodException: com.dao.catche.RedisDao.&lt;init&gt;()
	at org.springframework.beans.factory.annotation.AutowiredAnnotationBeanPostProcessor.postProcessPropertyValues(AutowiredAnnotationBeanPostProcessor.java:334)
	at org.springframework.beans.factory.support.AbstractAutowireCapableBeanFactory.populateBean(AbstractAutowireCapableBeanFactory.java:1202)
	at org.springframework.beans.factory.support.AbstractAutowireCapableBeanFactory.doCreateBean(AbstractAutowireCapableBeanFactory.java:537)
	at org.springframework.beans.factory.support.AbstractAutowireCapableBeanFactory.createBean(AbstractAutowireCapableBeanFactory.java:476)
	at org.springframework.beans.factory.support.AbstractBeanFactory$1.getObject(AbstractBeanFactory.java:303)
	at org.springframework.beans.factory.support.DefaultSingletonBeanRegistry.getSingleton(DefaultSingletonBeanRegistry.java:230)
	at org.springframework.beans.factory.support.AbstractBeanFactory.doGetBean(AbstractBeanFactory.java:299)
	at org.springframework.beans.factory.support.AbstractBeanFactory.getBean(AbstractBeanFactory.java:194)
	at org.springframework.beans.factory.support.DefaultListableBeanFactory.preInstantiateSingletons(DefaultListableBeanFactory.java:762)
	at org.springframework.context.support.AbstractApplicationContext.finishBeanFactoryInitialization(AbstractApplicationContext.java:757)
	at org.springframework.context.support.AbstractApplicationContext.refresh(AbstractApplicationContext.java:480)
	at org.springframework.test.context.support.AbstractGenericContextLoader.loadContext(AbstractGenericContextLoader.java:125)
	at org.springframework.test.context.support.AbstractGenericContextLoader.loadContext(AbstractGenericContextLoader.java:60)
	at org.springframework.test.context.support.AbstractDelegatingSmartContextLoader.delegateLoading(AbstractDelegatingSmartContextLoader.java:109)
	at org.springframework.test.context.support.AbstractDelegatingSmartContextLoader.loadContext(AbstractDelegatingSmartContextLoader.java:261)
	at org.springframework.test.context.DefaultCacheAwareContextLoaderDelegate.loadContextInternal(DefaultCacheAwareContextLoaderDelegate.java:68)
	at org.springframework.test.context.DefaultCacheAwareContextLoaderDelegate.loadContext(DefaultCacheAwareContextLoaderDelegate.java:86)
	... 31 more
Caused by: org.springframework.beans.factory.BeanCreationException: Could not autowire field: private com.service.SeckillService com.controller.SeckillController.seckillService; nested exception is org.springframework.beans.factory.BeanCreationException: Error creating bean with name &apos;seckillServiceImpl&apos;: Injection of autowired dependencies failed; nested exception is org.springframework.beans.factory.BeanCreationException: Could not autowire field: private com.dao.catche.RedisDao com.service.impl.SeckillServiceImpl.redisDao; nested exception is org.springframework.beans.factory.BeanCreationException: Error creating bean with name &apos;redisDao&apos; defined in file [D:\openToolWorkSpace\Eclipse\space_3\seckill\target\classes\com\dao\catche\RedisDao.class]: Instantiation of bean failed; nested exception is org.springframework.beans.BeanInstantiationException: Failed to instantiate [com.dao.catche.RedisDao]: No default constructor found; nested exception is java.lang.NoSuchMethodException: com.dao.catche.RedisDao.&lt;init&gt;()
	at org.springframework.beans.factory.annotation.AutowiredAnnotationBeanPostProcessor$AutowiredFieldElement.inject(AutowiredAnnotationBeanPostProcessor.java:561)
	at org.springframework.beans.factory.annotation.InjectionMetadata.inject(InjectionMetadata.java:88)
	at org.springframework.beans.factory.annotation.AutowiredAnnotationBeanPostProcessor.postProcessPropertyValues(AutowiredAnnotationBeanPostProcessor.java:331)
	... 47 more
Caused by: org.springframework.beans.factory.BeanCreationException: Error creating bean with name &apos;seckillServiceImpl&apos;: Injection of autowired dependencies failed; nested exception is org.springframework.beans.factory.BeanCreationException: Could not autowire field: private com.dao.catche.RedisDao com.service.impl.SeckillServiceImpl.redisDao; nested exception is org.springframework.beans.factory.BeanCreationException: Error creating bean with name &apos;redisDao&apos; defined in file [D:\openToolWorkSpace\Eclipse\space_3\seckill\target\classes\com\dao\catche\RedisDao.class]: Instantiation of bean failed; nested exception is org.springframework.beans.BeanInstantiationException: Failed to instantiate [com.dao.catche.RedisDao]: No default constructor found; nested exception is java.lang.NoSuchMethodException: com.dao.catche.RedisDao.&lt;init&gt;()
	at org.springframework.beans.factory.annotation.AutowiredAnnotationBeanPostProcessor.postProcessPropertyValues(AutowiredAnnotationBeanPostProcessor.java:334)
	at org.springframework.beans.factory.support.AbstractAutowireCapableBeanFactory.populateBean(AbstractAutowireCapableBeanFactory.java:1202)
	at org.springframework.beans.factory.support.AbstractAutowireCapableBeanFactory.doCreateBean(AbstractAutowireCapableBeanFactory.java:537)
	at org.springframework.beans.factory.support.AbstractAutowireCapableBeanFactory.createBean(AbstractAutowireCapableBeanFactory.java:476)
	at org.springframework.beans.factory.support.AbstractBeanFactory$1.getObject(AbstractBeanFactory.java:303)
	at org.springframework.beans.factory.support.DefaultSingletonBeanRegistry.getSingleton(DefaultSingletonBeanRegistry.java:230)
	at org.springframework.beans.factory.support.AbstractBeanFactory.doGetBean(AbstractBeanFactory.java:299)
	at org.springframework.beans.factory.support.AbstractBeanFactory.getBean(AbstractBeanFactory.java:194)
	at org.springframework.beans.factory.support.DefaultListableBeanFactory.findAutowireCandidates(DefaultListableBeanFactory.java:1127)
	at org.springframework.beans.factory.support.DefaultListableBeanFactory.doResolveDependency(DefaultListableBeanFactory.java:1051)
	at org.springframework.beans.factory.support.DefaultListableBeanFactory.resolveDependency(DefaultListableBeanFactory.java:949)
	at org.springframework.beans.factory.annotation.AutowiredAnnotationBeanPostProcessor$AutowiredFieldElement.inject(AutowiredAnnotationBeanPostProcessor.java:533)
	... 49 more
Caused by: org.springframework.beans.factory.BeanCreationException: Could not autowire field: private com.dao.catche.RedisDao com.service.impl.SeckillServiceImpl.redisDao; nested exception is org.springframework.beans.factory.BeanCreationException: Error creating bean with name &apos;redisDao&apos; defined in file [D:\openToolWorkSpace\Eclipse\space_3\seckill\target\classes\com\dao\catche\RedisDao.class]: Instantiation of bean failed; nested exception is org.springframework.beans.BeanInstantiationException: Failed to instantiate [com.dao.catche.RedisDao]: No default constructor found; nested exception is java.lang.NoSuchMethodException: com.dao.catche.RedisDao.&lt;init&gt;()
	at org.springframework.beans.factory.annotation.AutowiredAnnotationBeanPostProcessor$AutowiredFieldElement.inject(AutowiredAnnotationBeanPostProcessor.java:561)
	at org.springframework.beans.factory.annotation.InjectionMetadata.inject(InjectionMetadata.java:88)
	at org.springframework.beans.factory.annotation.AutowiredAnnotationBeanPostProcessor.postProcessPropertyValues(AutowiredAnnotationBeanPostProcessor.java:331)
	... 60 more
Caused by: org.springframework.beans.factory.BeanCreationException: Error creating bean with name &apos;redisDao&apos; defined in file [D:\openToolWorkSpace\Eclipse\space_3\seckill\target\classes\com\dao\catche\RedisDao.class]: Instantiation of bean failed; nested exception is org.springframework.beans.BeanInstantiationException: Failed to instantiate [com.dao.catche.RedisDao]: No default constructor found; nested exception is java.lang.NoSuchMethodException: com.dao.catche.RedisDao.&lt;init&gt;()
	at org.springframework.beans.factory.support.AbstractAutowireCapableBeanFactory.instantiateBean(AbstractAutowireCapableBeanFactory.java:1093)
	at org.springframework.beans.factory.support.AbstractAutowireCapableBeanFactory.createBeanInstance(AbstractAutowireCapableBeanFactory.java:1038)
	at org.springframework.beans.factory.support.AbstractAutowireCapableBeanFactory.doCreateBean(AbstractAutowireCapableBeanFactory.java:504)
	at org.springframework.beans.factory.support.AbstractAutowireCapableBeanFactory.createBean(AbstractAutowireCapableBeanFactory.java:476)
	at org.springframework.beans.factory.support.AbstractBeanFactory$1.getObject(AbstractBeanFactory.java:303)
	at org.springframework.beans.factory.support.DefaultSingletonBeanRegistry.getSingleton(DefaultSingletonBeanRegistry.java:230)
	at org.springframework.beans.factory.support.AbstractBeanFactory.doGetBean(AbstractBeanFactory.java:299)
	at org.springframework.beans.factory.support.AbstractBeanFactory.getBean(AbstractBeanFactory.java:194)
	at org.springframework.beans.factory.support.DefaultListableBeanFactory.findAutowireCandidates(DefaultListableBeanFactory.java:1127)
	at org.springframework.beans.factory.support.DefaultListableBeanFactory.doResolveDependency(DefaultListableBeanFactory.java:1051)
	at org.springframework.beans.factory.support.DefaultListableBeanFactory.resolveDependency(DefaultListableBeanFactory.java:949)
	at org.springframework.beans.factory.annotation.AutowiredAnnotationBeanPostProcessor$AutowiredFieldElement.inject(AutowiredAnnotationBeanPostProcessor.java:533)
	... 62 more
Caused by: org.springframework.beans.BeanInstantiationException: Failed to instantiate [com.dao.catche.RedisDao]: No default constructor found; nested exception is java.lang.NoSuchMethodException: com.dao.catche.RedisDao.&lt;init&gt;()
	at org.springframework.beans.factory.support.SimpleInstantiationStrategy.instantiate(SimpleInstantiationStrategy.java:85)
	at org.springframework.beans.factory.support.AbstractAutowireCapableBeanFactory.instantiateBean(AbstractAutowireCapableBeanFactory.java:1086)
	... 73 more
Caused by: java.lang.NoSuchMethodException: com.dao.catche.RedisDao.&lt;init&gt;()
	at java.lang.Class.getConstructor0(Class.java:2902)
	at java.lang.Class.getDeclaredConstructor(Class.java:2066)
	at org.springframework.beans.factory.support.SimpleInstantiationStrategy.instantiate(SimpleInstantiationStrategy.java:80)
	... 74 more
</error>
    <system-out>14:56:41.235 [main] DEBUG org.apache.ibatis.io.ResolverUtil - Find JAR URL: file:/D:/openToolWorkSpace/Eclipse/space_3/seckill/target/classes/com/pojo
14:56:41.236 [main] DEBUG org.apache.ibatis.io.ResolverUtil - Not a JAR: file:/D:/openToolWorkSpace/Eclipse/space_3/seckill/target/classes/com/pojo
14:56:41.236 [main] DEBUG org.apache.ibatis.io.ResolverUtil - Reader entry: Seckill.class
14:56:41.236 [main] DEBUG org.apache.ibatis.io.ResolverUtil - Reader entry: SuccessKilled.class
14:56:41.237 [main] DEBUG org.apache.ibatis.io.ResolverUtil - Listing file:/D:/openToolWorkSpace/Eclipse/space_3/seckill/target/classes/com/pojo
14:56:41.237 [main] DEBUG org.apache.ibatis.io.ResolverUtil - Find JAR URL: file:/D:/openToolWorkSpace/Eclipse/space_3/seckill/target/classes/com/pojo/Seckill.class
14:56:41.237 [main] DEBUG org.apache.ibatis.io.ResolverUtil - Not a JAR: file:/D:/openToolWorkSpace/Eclipse/space_3/seckill/target/classes/com/pojo/Seckill.class
14:56:41.238 [main] DEBUG org.apache.ibatis.io.ResolverUtil - Reader entry: ����&amp;#0;&amp;#0;&amp;#0;3&amp;#0;V&amp;#7;&amp;#0;&amp;#2;&amp;#1;&amp;#0;&amp;#16;com/pojo/Seckill&amp;#7;&amp;#0;&amp;#4;&amp;#1;&amp;#0;&amp;#16;java/lang/Object&amp;#1;&amp;#0;	seckillId&amp;#1;&amp;#0;&amp;#16;Ljava/lang/Long;&amp;#1;&amp;#0;&amp;#4;name&amp;#1;&amp;#0;&amp;#18;Ljava/lang/String;&amp;#1;&amp;#0;&amp;#6;number&amp;#1;&amp;#0;&amp;#19;Ljava/lang/Integer;&amp;#1;&amp;#0;	startTime&amp;#1;&amp;#0;&amp;#16;Ljava/util/Date;&amp;#1;&amp;#0;&amp;#7;endTime&amp;#1;&amp;#0;
14:56:41.238 [main] DEBUG org.apache.ibatis.io.ResolverUtil - Find JAR URL: file:/D:/openToolWorkSpace/Eclipse/space_3/seckill/target/classes/com/pojo/SuccessKilled.class
14:56:41.238 [main] DEBUG org.apache.ibatis.io.ResolverUtil - Not a JAR: file:/D:/openToolWorkSpace/Eclipse/space_3/seckill/target/classes/com/pojo/SuccessKilled.class
14:56:41.239 [main] DEBUG org.apache.ibatis.io.ResolverUtil - Reader entry: ����&amp;#0;&amp;#0;&amp;#0;3&amp;#0;Q&amp;#7;&amp;#0;&amp;#2;&amp;#1;&amp;#0;&amp;#22;com/pojo/SuccessKilled&amp;#7;&amp;#0;&amp;#4;&amp;#1;&amp;#0;&amp;#16;java/lang/Object&amp;#1;&amp;#0;	seckillId&amp;#1;&amp;#0;&amp;#16;Ljava/lang/Long;&amp;#1;&amp;#0;	userPhone&amp;#1;&amp;#0;&amp;#5;state&amp;#1;&amp;#0;&amp;#16;Ljava/lang/Byte;&amp;#1;&amp;#0;
14:56:41.239 [main] DEBUG org.apache.ibatis.io.ResolverUtil - Checking to see if class com.pojo.Seckill matches criteria [is assignable to Object]
14:56:41.239 [main] DEBUG org.apache.ibatis.io.ResolverUtil - Checking to see if class com.pojo.SuccessKilled matches criteria [is assignable to Object]
14:56:41.239 [main] DEBUG o.m.spring.SqlSessionFactoryBean - Scanned package: &apos;com.pojo&apos; for aliases
14:56:41.245 [main] DEBUG o.m.spring.SqlSessionFactoryBean - Parsed configuration file: &apos;class path resource [mybatis-config.xml]&apos;
14:56:41.259 [main] DEBUG o.m.spring.SqlSessionFactoryBean - Parsed mapper file: &apos;file [D:\openToolWorkSpace\Eclipse\space_3\seckill\target\classes\mapper\SeckillDao.xml]&apos;
14:56:41.271 [main] DEBUG o.m.spring.SqlSessionFactoryBean - Parsed mapper file: &apos;file [D:\openToolWorkSpace\Eclipse\space_3\seckill\target\classes\mapper\SuccessKillDAO.xml]&apos;
</system-out>
  </testcase>
</testsuite>